{"name": "Login con credenciales correctas -- @1.2 ", "status": "broken", "statusDetails": {"message": "selenium.common.exceptions.NoSuchElementException: Message: no such element: Unable to locate element: {\"method\":\"css selector\",\"selector\":\".bm-burger-button\"}\n  (Session info: chrome=97.0.4692.99)\nStacktrace:\n0   chromedriver                        0x0000000106649e69 chromedriver + 5160553\n1   chromedriver                        0x00000001065d4593 chromedriver + 4679059\n2   chromedriver                        0x00000001061882c8 chromedriver + 172744\n3   chromedriver                        0x00000001061bdb62 chromedriver + 392034\n4   chromedriver                        0x00000001061bdd21 chromedriver + 392481\n5   chromedriver                        0x00000001061f0304 chromedriver + 598788\n6   chromedriver                        0x00000001061db3fd chromedriver + 513021\n7   chromedriver                        0x00000001061ee0ab chromedriver + 589995\n8   chromedriver                        0x00000001061db623 chromedriver + 513571\n9   chromedriver                        0x00000001061b0dce chromedriver + 339406\n10  chromedriver                        0x00000001061b2105 chromedriver + 344325\n11  chromedriver                        0x000000010660523e chromedriver + 4878910\n12  chromedriver                        0x000000010661cd17 chromedriver + 4975895\n13  chromedriver                        0x0000000106622a3f chromedriver + 4999743\n14  chromedriver                        0x000000010661d61a chromedriver + 4978202\n15  chromedriver                        0x00000001065f9bb1 chromedriver + 4832177\n16  chromedriver                        0x0000000106639fd8 chromedriver + 5095384\n17  chromedriver                        0x000000010663a161 chromedriver + 5095777\n18  chromedriver                        0x00000001066512a8 chromedriver + 5190312\n19  libsystem_pthread.dylib             0x00007ff81fe3a4f4 _pthread_start + 125\n20  libsystem_pthread.dylib             0x00007ff81fe3600f thread_start + 15\n\n", "trace": "  File \"/Users/manuelgonzalezcosta/Documents/Master/profundizacion/selenium/venv/lib/python3.8/site-packages/behave/model.py\", line 1329, in run\n    match.run(runner.context)\n  File \"/Users/manuelgonzalezcosta/Documents/Master/profundizacion/selenium/venv/lib/python3.8/site-packages/behave/matchers.py\", line 98, in run\n    self.func(context, *args, **kwargs)\n  File \"features/steps/generales.py\", line 51, in step_impl\n    elemento = context.web.find_element(By.CLASS_NAME, elemento)\n  File \"/Users/manuelgonzalezcosta/Documents/Master/profundizacion/selenium/venv/lib/python3.8/site-packages/selenium/webdriver/remote/webdriver.py\", line 1244, in find_element\n    return self.execute(Command.FIND_ELEMENT, {\n  File \"/Users/manuelgonzalezcosta/Documents/Master/profundizacion/selenium/venv/lib/python3.8/site-packages/selenium/webdriver/remote/webdriver.py\", line 424, in execute\n    self.error_handler.check_response(response)\n  File \"/Users/manuelgonzalezcosta/Documents/Master/profundizacion/selenium/venv/lib/python3.8/site-packages/selenium/webdriver/remote/errorhandler.py\", line 247, in check_response\n    raise exception_class(message, screen, stacktrace)\n"}, "steps": [{"name": "Given se ha inicializado el contexto", "status": "passed", "start": 1643966062426, "stop": 1643966064470}, {"name": "When se lanza el login con \"locked_out_user\" y \"secret_sauce\"", "status": "passed", "start": 1643966064470, "stop": 1643966064690}, {"name": "Then aparece la clase \"bm-burger-button\" en pantalla", "status": "broken", "statusDetails": {"message": "selenium.common.exceptions.NoSuchElementException: Message: no such element: Unable to locate element: {\"method\":\"css selector\",\"selector\":\".bm-burger-button\"}\n  (Session info: chrome=97.0.4692.99)\nStacktrace:\n0   chromedriver                        0x0000000106649e69 chromedriver + 5160553\n1   chromedriver                        0x00000001065d4593 chromedriver + 4679059\n2   chromedriver                        0x00000001061882c8 chromedriver + 172744\n3   chromedriver                        0x00000001061bdb62 chromedriver + 392034\n4   chromedriver                        0x00000001061bdd21 chromedriver + 392481\n5   chromedriver                        0x00000001061f0304 chromedriver + 598788\n6   chromedriver                        0x00000001061db3fd chromedriver + 513021\n7   chromedriver                        0x00000001061ee0ab chromedriver + 589995\n8   chromedriver                        0x00000001061db623 chromedriver + 513571\n9   chromedriver                        0x00000001061b0dce chromedriver + 339406\n10  chromedriver                        0x00000001061b2105 chromedriver + 344325\n11  chromedriver                        0x000000010660523e chromedriver + 4878910\n12  chromedriver                        0x000000010661cd17 chromedriver + 4975895\n13  chromedriver                        0x0000000106622a3f chromedriver + 4999743\n14  chromedriver                        0x000000010661d61a chromedriver + 4978202\n15  chromedriver                        0x00000001065f9bb1 chromedriver + 4832177\n16  chromedriver                        0x0000000106639fd8 chromedriver + 5095384\n17  chromedriver                        0x000000010663a161 chromedriver + 5095777\n18  chromedriver                        0x00000001066512a8 chromedriver + 5190312\n19  libsystem_pthread.dylib             0x00007ff81fe3a4f4 _pthread_start + 125\n20  libsystem_pthread.dylib             0x00007ff81fe3600f thread_start + 15\n\n", "trace": "  File \"/Users/manuelgonzalezcosta/Documents/Master/profundizacion/selenium/venv/lib/python3.8/site-packages/behave/model.py\", line 1329, in run\n    match.run(runner.context)\n  File \"/Users/manuelgonzalezcosta/Documents/Master/profundizacion/selenium/venv/lib/python3.8/site-packages/behave/matchers.py\", line 98, in run\n    self.func(context, *args, **kwargs)\n  File \"features/steps/generales.py\", line 51, in step_impl\n    elemento = context.web.find_element(By.CLASS_NAME, elemento)\n  File \"/Users/manuelgonzalezcosta/Documents/Master/profundizacion/selenium/venv/lib/python3.8/site-packages/selenium/webdriver/remote/webdriver.py\", line 1244, in find_element\n    return self.execute(Command.FIND_ELEMENT, {\n  File \"/Users/manuelgonzalezcosta/Documents/Master/profundizacion/selenium/venv/lib/python3.8/site-packages/selenium/webdriver/remote/webdriver.py\", line 424, in execute\n    self.error_handler.check_response(response)\n  File \"/Users/manuelgonzalezcosta/Documents/Master/profundizacion/selenium/venv/lib/python3.8/site-packages/selenium/webdriver/remote/errorhandler.py\", line 247, in check_response\n    raise exception_class(message, screen, stacktrace)\n"}, "start": 1643966064690, "stop": 1643966064703}], "parameters": [{"name": "usuario", "value": "locked_out_user"}, {"name": "contrasena", "value": "secret_sauce"}, {"name": "elemento", "value": "bm-burger-button"}], "start": 1643966062425, "stop": 1643966064703, "uuid": "fe43075c-5ee2-4431-8327-3d5088d1e705", "historyId": "be90b77c9e444a6acc727fa62b53b747", "fullName": "Pruebas sobre el login: Login con credenciales correctas", "labels": [{"name": "severity", "value": "normal"}, {"name": "feature", "value": "Pruebas sobre el login"}, {"name": "framework", "value": "behave"}, {"name": "language", "value": "cpython3"}]}